<?xml version="1.0" encoding="UTF-8"?>
<!-- Generated by org.testng.reporters.JUnitReportReporter -->
<testsuite skipped="0" hostname="BSC-SGH032QBRN" name="maven.MavenProject.Sample" tests="1" failures="0" timestamp="12 Apr 2018 06:38:00 GMT" time="0.014" errors="0">
  <testcase name="mjen" time="0.014" classname="maven.MavenProject.Sample"/>
</testsuite> <!-- maven.MavenProject.Sample -->
