<?xml version="1.0" encoding="UTF-8"?>
<!-- Generated by org.testng.reporters.JUnitReportReporter -->
<testsuite skipped="0" hostname="BSC-SGH032QBRN" name="maven.MavenProject.Sample" tests="1" failures="0" timestamp="13 Apr 2018 10:13:13 GMT" time="0.010" errors="0">
  <testcase name="method" time="0.010" classname="maven.MavenProject.Sample"/>
</testsuite> <!-- maven.MavenProject.Sample -->
